<?xml version="1.0" encoding="UTF-8"?>
<!-- Generated by org.testng.reporters.JUnitXMLReporter -->
<testsuite ignored="0" hostname="C02SQ3REGTFL" failures="0" tests="2" name="Default test" time="0.026" errors="0" timestamp="20 Apr 2021 16:35:26 GMT">
  <testcase classname="com.startribune.baseclass.StarTribuneBaseClass" name="@BeforeMethod initializeTestBaseSetup" time="0.0">
    <failure type="org.testng.TestNGException" message="
Parameter &amp;apos;appURL&amp;apos; is required by BeforeMethod on method initializeTestBaseSetup but has not been marked @Optional or defined
in /private/var/folders/mf/_b85sjpd31d_5h5t3khbp0xr0000gp/T/testng-eclipse-427950712/testng-customsuite.xml">
      <![CDATA[org.testng.TestNGException: 
Parameter 'appURL' is required by BeforeMethod on method initializeTestBaseSetup but has not been marked @Optional or defined
in /private/var/folders/mf/_b85sjpd31d_5h5t3khbp0xr0000gp/T/testng-eclipse-427950712/testng-customsuite.xml
	at org.testng.internal.Parameters.createParameters(Parameters.java:199)
	at org.testng.internal.Parameters.createParameters(Parameters.java:443)
	at org.testng.internal.Parameters.createConfigurationParameters(Parameters.java:118)
	at org.testng.internal.Invoker.invokeConfigurations(Invoker.java:206)
	at org.testng.internal.Invoker.invokeMethod(Invoker.java:599)
	at org.testng.internal.Invoker.invokeTestMethod(Invoker.java:869)
	at org.testng.internal.Invoker.invokeTestMethods(Invoker.java:1193)
	at org.testng.internal.TestMethodWorker.invokeTestMethods(TestMethodWorker.java:126)
	at org.testng.internal.TestMethodWorker.run(TestMethodWorker.java:109)
	at org.testng.TestRunner.privateRun(TestRunner.java:744)
	at org.testng.TestRunner.run(TestRunner.java:602)
	at org.testng.SuiteRunner.runTest(SuiteRunner.java:380)
	at org.testng.SuiteRunner.runSequentially(SuiteRunner.java:375)
	at org.testng.SuiteRunner.privateRun(SuiteRunner.java:340)
	at org.testng.SuiteRunner.run(SuiteRunner.java:289)
	at org.testng.SuiteRunnerWorker.runSuite(SuiteRunnerWorker.java:52)
	at org.testng.SuiteRunnerWorker.run(SuiteRunnerWorker.java:86)
	at org.testng.TestNG.runSuitesSequentially(TestNG.java:1301)
	at org.testng.TestNG.runSuitesLocally(TestNG.java:1226)
	at org.testng.TestNG.runSuites(TestNG.java:1144)
	at org.testng.TestNG.run(TestNG.java:1115)
	at org.testng.remote.AbstractRemoteTestNG.run(AbstractRemoteTestNG.java:115)
	at org.testng.remote.RemoteTestNG.initAndRun(RemoteTestNG.java:251)
	at org.testng.remote.RemoteTestNG.main(RemoteTestNG.java:77)
]]>
    </failure>
  </testcase> <!-- @BeforeMethod initializeTestBaseSetup -->
  <testcase classname="com.startribune.baseclass.StarTribuneBaseClass" name="@BeforeMethod initializeTestBaseSetup" time="0.0">
    <failure type="org.testng.TestNGException" message="
Parameter &amp;apos;appURL&amp;apos; is required by BeforeMethod on method initializeTestBaseSetup but has not been marked @Optional or defined
in /private/var/folders/mf/_b85sjpd31d_5h5t3khbp0xr0000gp/T/testng-eclipse-427950712/testng-customsuite.xml">
      <![CDATA[org.testng.TestNGException: 
Parameter 'appURL' is required by BeforeMethod on method initializeTestBaseSetup but has not been marked @Optional or defined
in /private/var/folders/mf/_b85sjpd31d_5h5t3khbp0xr0000gp/T/testng-eclipse-427950712/testng-customsuite.xml
	at org.testng.internal.Parameters.createParameters(Parameters.java:199)
	at org.testng.internal.Parameters.createParameters(Parameters.java:443)
	at org.testng.internal.Parameters.createConfigurationParameters(Parameters.java:118)
	at org.testng.internal.Invoker.invokeConfigurations(Invoker.java:206)
	at org.testng.internal.Invoker.invokeMethod(Invoker.java:599)
	at org.testng.internal.Invoker.invokeTestMethod(Invoker.java:869)
	at org.testng.internal.Invoker.invokeTestMethods(Invoker.java:1193)
	at org.testng.internal.TestMethodWorker.invokeTestMethods(TestMethodWorker.java:126)
	at org.testng.internal.TestMethodWorker.run(TestMethodWorker.java:109)
	at org.testng.TestRunner.privateRun(TestRunner.java:744)
	at org.testng.TestRunner.run(TestRunner.java:602)
	at org.testng.SuiteRunner.runTest(SuiteRunner.java:380)
	at org.testng.SuiteRunner.runSequentially(SuiteRunner.java:375)
	at org.testng.SuiteRunner.privateRun(SuiteRunner.java:340)
	at org.testng.SuiteRunner.run(SuiteRunner.java:289)
	at org.testng.SuiteRunnerWorker.runSuite(SuiteRunnerWorker.java:52)
	at org.testng.SuiteRunnerWorker.run(SuiteRunnerWorker.java:86)
	at org.testng.TestNG.runSuitesSequentially(TestNG.java:1301)
	at org.testng.TestNG.runSuitesLocally(TestNG.java:1226)
	at org.testng.TestNG.runSuites(TestNG.java:1144)
	at org.testng.TestNG.run(TestNG.java:1115)
	at org.testng.remote.AbstractRemoteTestNG.run(AbstractRemoteTestNG.java:115)
	at org.testng.remote.RemoteTestNG.initAndRun(RemoteTestNG.java:251)
	at org.testng.remote.RemoteTestNG.main(RemoteTestNG.java:77)
]]>
    </failure>
  </testcase> <!-- @BeforeMethod initializeTestBaseSetup -->
  <testcase classname="StarTribune.Test.Class.BasicTest" name="validateStarTribuneLogo" time="0.0">
    <skipped/>
  </testcase> <!-- validateStarTribuneLogo -->
  <testcase classname="StarTribune.Test.Class.BasicTest" name="verifySportsMenuLink" time="0.0">
    <skipped/>
  </testcase> <!-- verifySportsMenuLink -->
</testsuite> <!-- Default test -->
